<?xml version="1.0" ?>
<coverage version="7.10.7" timestamp="1762738401077" lines-valid="178" lines-covered="154" line-rate="0.8652" branches-valid="104" branches-covered="89" branch-rate="0.8558" complexity="0">
	<!-- Generated by coverage.py: https://coverage.readthedocs.io/en/7.10.7 -->
	<!-- Based on https://raw.githubusercontent.com/cobertura/web/master/htdocs/xml/coverage-04.dtd -->
	<sources>
		<source>C:\Users\emily\Desktop\Third year\CISC327\CISC327-CMPE327-F25\services</source>
	</sources>
	<packages>
		<package name="." line-rate="0.8652" branch-rate="0.8558" complexity="0">
			<classes>
				<class name="library_service.py" filename="library_service.py" complexity="0" line-rate="0.9865" branch-rate="0.9674">
					<methods/>
					<lines>
						<line number="6" hits="1"/>
						<line number="8" hits="1"/>
						<line number="9" hits="1"/>
						<line number="10" hits="1"/>
						<line number="18" hits="1"/>
						<line number="33" hits="1" branch="true" condition-coverage="100% (2/2)"/>
						<line number="34" hits="1"/>
						<line number="36" hits="1" branch="true" condition-coverage="100% (2/2)"/>
						<line number="37" hits="1"/>
						<line number="39" hits="1" branch="true" condition-coverage="100% (2/2)"/>
						<line number="40" hits="1"/>
						<line number="42" hits="1" branch="true" condition-coverage="100% (2/2)"/>
						<line number="43" hits="1"/>
						<line number="45" hits="1" branch="true" condition-coverage="100% (2/2)"/>
						<line number="46" hits="1"/>
						<line number="48" hits="1" branch="true" condition-coverage="100% (2/2)"/>
						<line number="49" hits="1"/>
						<line number="51" hits="1" branch="true" condition-coverage="100% (2/2)"/>
						<line number="52" hits="1"/>
						<line number="55" hits="1"/>
						<line number="56" hits="1" branch="true" condition-coverage="100% (2/2)"/>
						<line number="57" hits="1"/>
						<line number="60" hits="1"/>
						<line number="61" hits="1" branch="true" condition-coverage="100% (2/2)"/>
						<line number="62" hits="1"/>
						<line number="64" hits="1"/>
						<line number="67" hits="1"/>
						<line number="80" hits="1" branch="true" condition-coverage="100% (2/2)"/>
						<line number="81" hits="1"/>
						<line number="84" hits="1"/>
						<line number="85" hits="1" branch="true" condition-coverage="100% (2/2)"/>
						<line number="86" hits="1"/>
						<line number="88" hits="1" branch="true" condition-coverage="100% (2/2)"/>
						<line number="89" hits="1"/>
						<line number="92" hits="1"/>
						<line number="94" hits="1" branch="true" condition-coverage="100% (2/2)"/>
						<line number="95" hits="1"/>
						<line number="98" hits="1"/>
						<line number="99" hits="1"/>
						<line number="102" hits="1"/>
						<line number="103" hits="1" branch="true" condition-coverage="100% (2/2)"/>
						<line number="104" hits="1"/>
						<line number="106" hits="1"/>
						<line number="107" hits="1" branch="true" condition-coverage="100% (2/2)"/>
						<line number="108" hits="1"/>
						<line number="110" hits="1"/>
						<line number="113" hits="1"/>
						<line number="125" hits="1"/>
						<line number="127" hits="1" branch="true" condition-coverage="100% (2/2)"/>
						<line number="128" hits="1"/>
						<line number="131" hits="1" branch="true" condition-coverage="100% (2/2)"/>
						<line number="132" hits="1" branch="true" condition-coverage="100% (2/2)"/>
						<line number="133" hits="1"/>
						<line number="134" hits="1"/>
						<line number="135" hits="1" branch="true" condition-coverage="100% (2/2)"/>
						<line number="136" hits="1"/>
						<line number="139" hits="1"/>
						<line number="140" hits="1" branch="true" condition-coverage="100% (2/2)"/>
						<line number="141" hits="1"/>
						<line number="144" hits="1" branch="true" condition-coverage="100% (2/2)"/>
						<line number="145" hits="1"/>
						<line number="147" hits="1"/>
						<line number="149" hits="1"/>
						<line number="152" hits="1"/>
						<line number="164" hits="1"/>
						<line number="165" hits="1"/>
						<line number="166" hits="1"/>
						<line number="168" hits="1" branch="true" condition-coverage="100% (2/2)"/>
						<line number="169" hits="1" branch="true" condition-coverage="100% (2/2)"/>
						<line number="170" hits="1" branch="true" condition-coverage="100% (2/2)"/>
						<line number="171" hits="1"/>
						<line number="176" hits="1"/>
						<line number="177" hits="1"/>
						<line number="180" hits="1" branch="true" condition-coverage="100% (2/2)"/>
						<line number="181" hits="1"/>
						<line number="187" hits="1"/>
						<line number="188" hits="1" branch="true" condition-coverage="100% (2/2)"/>
						<line number="189" hits="1"/>
						<line number="190" hits="1" branch="true" condition-coverage="50% (1/2)" missing-branches="196"/>
						<line number="191" hits="1"/>
						<line number="193" hits="1" branch="true" condition-coverage="100% (2/2)"/>
						<line number="194" hits="1"/>
						<line number="196" hits="1"/>
						<line number="203" hits="1"/>
						<line number="215" hits="1"/>
						<line number="216" hits="1" branch="true" condition-coverage="100% (2/2)"/>
						<line number="217" hits="1"/>
						<line number="218" hits="1"/>
						<line number="220" hits="1"/>
						<line number="221" hits="1" branch="true" condition-coverage="100% (2/2)"/>
						<line number="222" hits="1"/>
						<line number="224" hits="1" branch="true" condition-coverage="100% (2/2)"/>
						<line number="225" hits="1"/>
						<line number="226" hits="1"/>
						<line number="228" hits="1" branch="true" condition-coverage="100% (2/2)"/>
						<line number="229" hits="1"/>
						<line number="230" hits="1"/>
						<line number="231" hits="1"/>
						<line number="233" hits="1"/>
						<line number="236" hits="1"/>
						<line number="247" hits="1" branch="true" condition-coverage="100% (2/2)"/>
						<line number="248" hits="1"/>
						<line number="250" hits="1"/>
						<line number="251" hits="1"/>
						<line number="252" hits="1"/>
						<line number="255" hits="1"/>
						<line number="256" hits="1" branch="true" condition-coverage="100% (2/2)"/>
						<line number="257" hits="1" branch="true" condition-coverage="100% (2/2)"/>
						<line number="258" hits="1"/>
						<line number="259" hits="1"/>
						<line number="261" hits="1"/>
						<line number="270" hits="1"/>
						<line number="292" hits="1" branch="true" condition-coverage="100% (2/2)"/>
						<line number="293" hits="1"/>
						<line number="296" hits="1"/>
						<line number="299" hits="1" branch="true" condition-coverage="100% (2/2)"/>
						<line number="300" hits="1"/>
						<line number="302" hits="1"/>
						<line number="304" hits="1" branch="true" condition-coverage="100% (2/2)"/>
						<line number="305" hits="1"/>
						<line number="308" hits="1"/>
						<line number="309" hits="1" branch="true" condition-coverage="100% (2/2)"/>
						<line number="310" hits="1"/>
						<line number="313" hits="1" branch="true" condition-coverage="50% (1/2)" missing-branches="314"/>
						<line number="314" hits="0"/>
						<line number="318" hits="1"/>
						<line number="319" hits="1"/>
						<line number="325" hits="1" branch="true" condition-coverage="100% (2/2)"/>
						<line number="326" hits="1"/>
						<line number="328" hits="1"/>
						<line number="330" hits="1"/>
						<line number="332" hits="1"/>
						<line number="335" hits="1"/>
						<line number="350" hits="1" branch="true" condition-coverage="100% (2/2)"/>
						<line number="351" hits="1"/>
						<line number="353" hits="1" branch="true" condition-coverage="100% (2/2)"/>
						<line number="354" hits="1"/>
						<line number="356" hits="1" branch="true" condition-coverage="100% (2/2)"/>
						<line number="357" hits="1"/>
						<line number="360" hits="1" branch="true" condition-coverage="50% (1/2)" missing-branches="361"/>
						<line number="361" hits="0"/>
						<line number="365" hits="1"/>
						<line number="366" hits="1"/>
						<line number="368" hits="1" branch="true" condition-coverage="100% (2/2)"/>
						<line number="369" hits="1"/>
						<line number="371" hits="1"/>
						<line number="373" hits="1"/>
						<line number="374" hits="1"/>
					</lines>
				</class>
				<class name="payment_service.py" filename="payment_service.py" complexity="0" line-rate="0.2667" branch-rate="0">
					<methods/>
					<lines>
						<line number="9" hits="1"/>
						<line number="10" hits="1"/>
						<line number="11" hits="1"/>
						<line number="14" hits="1"/>
						<line number="25" hits="1"/>
						<line number="32" hits="0"/>
						<line number="33" hits="0"/>
						<line number="35" hits="1"/>
						<line number="55" hits="0"/>
						<line number="72" hits="0" branch="true" condition-coverage="0% (0/2)" missing-branches="73,75"/>
						<line number="73" hits="0"/>
						<line number="75" hits="0" branch="true" condition-coverage="0% (0/2)" missing-branches="76,78"/>
						<line number="76" hits="0"/>
						<line number="78" hits="0" branch="true" condition-coverage="0% (0/2)" missing-branches="79,82"/>
						<line number="79" hits="0"/>
						<line number="82" hits="0"/>
						<line number="83" hits="0"/>
						<line number="85" hits="1"/>
						<line number="99" hits="0"/>
						<line number="101" hits="0" branch="true" condition-coverage="0% (0/2)" missing-branches="102,104"/>
						<line number="102" hits="0"/>
						<line number="104" hits="0" branch="true" condition-coverage="0% (0/2)" missing-branches="105,107"/>
						<line number="105" hits="0"/>
						<line number="107" hits="0"/>
						<line number="108" hits="0"/>
						<line number="110" hits="1"/>
						<line number="123" hits="0"/>
						<line number="125" hits="0" branch="true" condition-coverage="0% (0/2)" missing-branches="126,129"/>
						<line number="126" hits="0"/>
						<line number="129" hits="0"/>
					</lines>
				</class>
			</classes>
		</package>
	</packages>
</coverage>
